<2022-05-16 19:24:46.060>: [Info]: BackupNameAttachment=" Build(1654989) 16 May 22 (21 24 46)"  -- used by backup system

<2022-05-16 19:24:46.060>: [Info]: Log Started at local time Mon May 16 21:24:46 2022
<2022-05-16 19:24:46.061>: [Info]: Built on Thu May  5 22:29:45 2022

<2022-05-16 19:24:46.061>: [Info]: Running 64 bit Windows version
<2022-05-16 19:24:46.061>: [Info]: Executable: NewWorld.exe [AZ_RETAIL_CONFIG]
<2022-05-16 19:24:46.061>: [Info]: FileVersion: 1.16.526.1654989
<2022-05-16 19:24:46.061>: [Info]: ProductVersion: 1.16.526.1654989
<2022-05-16 19:24:46.061>: [Info]: Using Microsoft (tm) C++ Standard Library implementation

<2022-05-16 19:24:46.063>: [Info] (AZCore): [System] Loading system configuration from system_windows_pc.cfg...
<2022-05-16 19:24:46.063>: [Info] (AZCore): [System] GameDir: Assets

<2022-05-16 19:24:47.264>: [Info]: 
<2022-05-16 19:24:47.265>: [Info]: Total number of logical processors: 16
<2022-05-16 19:24:47.265>: [Info]: Number of available logical processors: 16
<2022-05-16 19:24:47.265>: [Info]: Total number of system cores: 8
<2022-05-16 19:24:47.265>: [Info]: Number of cores available to process: 8
<2022-05-16 19:24:47.265>: [Info]:  
<2022-05-16 19:24:47.265>: [Info]: Processor 0:
<2022-05-16 19:24:47.265>: [Info]:   CPU: Intel        Intel(R) Xeon(R) CPU E5-2689 0 @ 2.60GHz
<2022-05-16 19:24:47.265>: [Info]:   Family: 6, Model: 13, Stepping: 7
<2022-05-16 19:24:47.265>: [Info]:   FPU: On-Chip
<2022-05-16 19:24:47.265>: [Info]:   3DNow!: not present
<2022-05-16 19:24:47.265>: [Info]:   MMX: not present
<2022-05-16 19:24:47.265>: [Info]:   SSE: present
<2022-05-16 19:24:47.265>: [Info]:   SSE2: present
<2022-05-16 19:24:47.265>: [Info]:   SSE3: present
<2022-05-16 19:24:47.265>: [Info]:   Serial number not present or disabled
<2022-05-16 19:24:47.265>: [Info]:  
<2022-05-16 19:24:47.265>: [Info]: Processor 1:
<2022-05-16 19:24:47.265>: [Info]:   CPU: Intel        Intel(R) Xeon(R) CPU E5-2689 0 @ 2.60GHz
<2022-05-16 19:24:47.265>: [Info]:   Family: 6, Model: 13, Stepping: 7
<2022-05-16 19:24:47.265>: [Info]:   FPU: On-Chip
<2022-05-16 19:24:47.265>: [Info]:   3DNow!: not present
<2022-05-16 19:24:47.265>: [Info]:   MMX: not present
<2022-05-16 19:24:47.265>: [Info]:   SSE: present
<2022-05-16 19:24:47.265>: [Info]:   SSE2: present
<2022-05-16 19:24:47.265>: [Info]:   SSE3: present
<2022-05-16 19:24:47.265>: [Info]:   Serial number not present or disabled
<2022-05-16 19:24:47.265>: [Info]:  
<2022-05-16 19:24:47.265>: [Info]: Processor 2:
<2022-05-16 19:24:47.265>: [Info]:   CPU: Intel        Intel(R) Xeon(R) CPU E5-2689 0 @ 2.60GHz
<2022-05-16 19:24:47.265>: [Info]:   Family: 6, Model: 13, Stepping: 7
<2022-05-16 19:24:47.265>: [Info]:   FPU: On-Chip
<2022-05-16 19:24:47.265>: [Info]:   3DNow!: not present
<2022-05-16 19:24:47.265>: [Info]:   MMX: not present
<2022-05-16 19:24:47.265>: [Info]:   SSE: present
<2022-05-16 19:24:47.265>: [Info]:   SSE2: present
<2022-05-16 19:24:47.265>: [Info]:   SSE3: present
<2022-05-16 19:24:47.265>: [Info]:   Serial number not present or disabled
<2022-05-16 19:24:47.265>: [Info]:  
<2022-05-16 19:24:47.265>: [Info]: Processor 3:
<2022-05-16 19:24:47.265>: [Info]:   CPU: Intel        Intel(R) Xeon(R) CPU E5-2689 0 @ 2.60GHz
<2022-05-16 19:24:47.265>: [Info]:   Family: 6, Model: 13, Stepping: 7
<2022-05-16 19:24:47.265>: [Info]:   FPU: On-Chip
<2022-05-16 19:24:47.265>: [Info]:   3DNow!: not present
<2022-05-16 19:24:47.265>: [Info]:   MMX: not present
<2022-05-16 19:24:47.265>: [Info]:   SSE: present
<2022-05-16 19:24:47.265>: [Info]:   SSE2: present
<2022-05-16 19:24:47.265>: [Info]:   SSE3: present
<2022-05-16 19:24:47.265>: [Info]:   Serial number not present or disabled
<2022-05-16 19:24:47.265>: [Info]:  
<2022-05-16 19:24:47.265>: [Info]: Processor 4:
<2022-05-16 19:24:47.265>: [Info]:   CPU: Intel        Intel(R) Xeon(R) CPU E5-2689 0 @ 2.60GHz
<2022-05-16 19:24:47.265>: [Info]:   Family: 6, Model: 13, Stepping: 7
<2022-05-16 19:24:47.265>: [Info]:   FPU: On-Chip
<2022-05-16 19:24:47.265>: [Info]:   3DNow!: not present
<2022-05-16 19:24:47.265>: [Info]:   MMX: not present
<2022-05-16 19:24:47.265>: [Info]:   SSE: present
<2022-05-16 19:24:47.265>: [Info]:   SSE2: present
<2022-05-16 19:24:47.265>: [Info]:   SSE3: present
<2022-05-16 19:24:47.265>: [Info]:   Serial number not present or disabled
<2022-05-16 19:24:47.265>: [Info]:  
<2022-05-16 19:24:47.265>: [Info]: Processor 5:
<2022-05-16 19:24:47.265>: [Info]:   CPU: Intel        Intel(R) Xeon(R) CPU E5-2689 0 @ 2.60GHz
<2022-05-16 19:24:47.265>: [Info]:   Family: 6, Model: 13, Stepping: 7
<2022-05-16 19:24:47.265>: [Info]:   FPU: On-Chip
<2022-05-16 19:24:47.265>: [Info]:   3DNow!: not present
<2022-05-16 19:24:47.265>: [Info]:   MMX: not present
<2022-05-16 19:24:47.265>: [Info]:   SSE: present
<2022-05-16 19:24:47.265>: [Info]:   SSE2: present
<2022-05-16 19:24:47.265>: [Info]:   SSE3: present
<2022-05-16 19:24:47.265>: [Info]:   Serial number not present or disabled
<2022-05-16 19:24:47.265>: [Info]:  
<2022-05-16 19:24:47.265>: [Info]: Processor 6:
<2022-05-16 19:24:47.265>: [Info]:   CPU: Intel        Intel(R) Xeon(R) CPU E5-2689 0 @ 2.60GHz
<2022-05-16 19:24:47.265>: [Info]:   Family: 6, Model: 13, Stepping: 7
<2022-05-16 19:24:47.265>: [Info]:   FPU: On-Chip
<2022-05-16 19:24:47.265>: [Info]:   3DNow!: not present
<2022-05-16 19:24:47.265>: [Info]:   MMX: not present
<2022-05-16 19:24:47.265>: [Info]:   SSE: present
<2022-05-16 19:24:47.265>: [Info]:   SSE2: present
<2022-05-16 19:24:47.265>: [Info]:   SSE3: present
<2022-05-16 19:24:47.265>: [Info]:   Serial number not present or disabled
<2022-05-16 19:24:47.265>: [Info]:  
<2022-05-16 19:24:47.265>: [Info]: Processor 7:
<2022-05-16 19:24:47.265>: [Info]:   CPU: Intel        Intel(R) Xeon(R) CPU E5-2689 0 @ 2.60GHz
<2022-05-16 19:24:47.265>: [Info]:   Family: 6, Model: 13, Stepping: 7
<2022-05-16 19:24:47.265>: [Info]:   FPU: On-Chip
<2022-05-16 19:24:47.265>: [Info]:   3DNow!: not present
<2022-05-16 19:24:47.265>: [Info]:   MMX: not present
<2022-05-16 19:24:47.265>: [Info]:   SSE: present
<2022-05-16 19:24:47.265>: [Info]:   SSE2: present
<2022-05-16 19:24:47.265>: [Info]:   SSE3: present
<2022-05-16 19:24:47.265>: [Info]:   Serial number not present or disabled
<2022-05-16 19:24:47.265>: [Info]:  
<2022-05-16 19:24:47.265>: [Info]: Windows 10 64 bit (build 10.0.19043)
<2022-05-16 19:24:47.265>: [Info]: System language: French
<2022-05-16 19:24:47.265>: [Info]: Windows Directory: "C:\WINDOWS"
<2022-05-16 19:24:47.265>: [Info]: Local time is 21:24:47 05/16/22, system running for 3415 minutes
<2022-05-16 19:24:47.265>: [Info]: 16316MB physical memory installed, 7184MB available, 134217727MB virtual memory installed, 55 percent of memory in use
<2022-05-16 19:24:47.267>: [Info]: PageFile usage: 159MB, Working Set: 212MB, Peak PageFile usage: 359MB,
<2022-05-16 19:24:47.269>: [Info]: Current display mode is 78043832, (Unknown graphics card)
<2022-05-16 19:24:47.269>: [Info]: IBM enhanced (101/102-key) keyboard and 5+ button mouse installed
<2022-05-16 19:24:47.269>: [Info]: --------------------------------------------------------------------------------
<2022-05-16 19:24:47.273>: [Info] (AZCore): [System] Stream Engine Initialization
<2022-05-16 19:24:47.274>: [Info]: GameName: New World
<2022-05-16 19:24:47.274>: [Info]: BuildTime: Thu May  5 22:29:45 2022

<2022-05-16 19:24:47.274>: [Info] (AZCore): [System] Physics initialization
<2022-05-16 19:24:47.275>: [Info] (AZCore): [System] Renderer initialization
<2022-05-16 19:24:47.279>: [Info]: Logging video adapters:
<2022-05-16 19:24:48.661>: [Info]: - Radeon RX 580 Series (vendor = 0x1002, device = 0x67df)
<2022-05-16 19:24:48.661>: [Info]:   - Adapter index: 0
<2022-05-16 19:24:48.661>: [Info]:   - Dedicated video memory: 8170 MB
<2022-05-16 19:24:48.661>: [Info]:   - Feature level: DX11 (SM 5.0)
<2022-05-16 19:24:48.661>: [Info]:   - Displays connected: yes
<2022-05-16 19:24:48.661>: [Info]:   - Suitable rendering device: yes
<2022-05-16 19:24:49.059>: [Info]: - Microsoft Basic Render Driver (vendor = 0x1414, device = 0x008c)
<2022-05-16 19:24:49.059>: [Info]:   - Adapter index: 1
<2022-05-16 19:24:49.059>: [Info]:   - Dedicated video memory: 0 MB
<2022-05-16 19:24:49.059>: [Info]:   - Feature level: DX11 (SM 5.0)
<2022-05-16 19:24:49.059>: [Info]:   - Displays connected: no
<2022-05-16 19:24:49.059>: [Info]:   - Suitable rendering device: no
<2022-05-16 19:24:51.291>: [Info]: Active GPUs: 1
<2022-05-16 19:24:53.282>: [Info] (AZCore): [Audio] AudioSystem initialized in High Ram mode. Available RAM [16315]MB, LowRam cutoff is [9216]MB
<2022-05-16 19:24:55.782>: [Info] (AZCore): [System] Font initialization
<2022-05-16 19:24:55.782>: [Info]: Using FreeType 2.5.0
<2022-05-16 19:25:19.217>: [Info] (AZCore): [System] Time initialization
<2022-05-16 19:25:19.217>: [Info] (AZCore): [System] Input initialization
<2022-05-16 19:25:19.217>: [Info] (AZCore): [System] UI system initialization
<2022-05-16 19:25:19.218>: [Info] (AZCore): [System] Initializing Animation System
<2022-05-16 19:25:19.218>: [Info] (AZCore): [System] Initializing 3D Engine
<2022-05-16 19:25:19.221>: [Info]: Sky light: Optical lookup tables loaded off disc.
<2022-05-16 19:25:19.221>: [Info] (AZCore): [System] Script System Initialization
<2022-05-16 19:25:19.221>: [Info] (AZCore): [System] Entity system initialization
<2022-05-16 19:25:19.226>: [Info] (AZCore): [System] Initializing additional systems
<2022-05-16 19:25:19.226>: [Info] (AZCore): [System] Dynamic Response System initialization
<2022-05-16 19:25:19.226>: [Info] (AZCore): [System] No Dynamic Response System was loaded from a module, the system will use the NULL DynamicResponseSystem.
<2022-05-16 19:25:19.227>: [Info]: Running machine spec auto detect (64 bit)...
<2022-05-16 19:25:19.227>: [Info]: - Windows 10 64 bit (build 10.0.19043)
<2022-05-16 19:25:19.227>: [Info]: - System memory
<2022-05-16 19:25:19.227>: [Info]: --- 16315 MB
<2022-05-16 19:25:19.227>: [Info]: - Intel(R) Xeon(R) CPU E5-2689 0 @ 2.60GHz
<2022-05-16 19:25:19.227>: [Info]: --- Number of available cores: 8 (out of 8)
<2022-05-16 19:25:19.227>: [Info]: --- Number of logical processors: 16
<2022-05-16 19:25:19.682>: [Info]: - Radeon RX 580 Series (vendor = 0x1002, device = 0x67df)
<2022-05-16 19:25:19.682>: [Info]: --- Dedicated video memory: 8170 MB
<2022-05-16 19:25:19.682>: [Info]: --- Feature level: DX11 (SM 5.0)
<2022-05-16 19:25:19.683>: [Info]: - Final rating: Machine class 2
<2022-05-16 19:25:26.813>: [Info] (AZCore): [System] == Version Info ===============================================================

<2022-05-16 19:25:26.813>: [Info] (AZCore): [System] [RETAIL].Javelin.1.16.526.1654989

<2022-05-16 19:25:26.813>: [Info] (AZCore): [System] ===============================================================================

<2022-05-16 19:25:26.823>: [Info]: Client config override file not found: @assets@/ClientOverride.json
<2022-05-16 19:25:28.836>: [Info] (AZCore): [Game] Steam Initialized!
<2022-05-16 19:25:28.836>: [Info] (AZCore): [Game] Using remote config: true
<2022-05-16 19:25:28.836>: [Info] (AZCore): [Game] Steam Utils obtained? true
<2022-05-16 19:25:28.836>: [Info] (AZCore): [Game] Using Steam App ID: 1063730
<2022-05-16 19:25:28.836>: [Info] (AZCore): [StackConfig] Configuring remote config with bucket ags-javelin-remote-config
<2022-05-16 19:25:28.837>: [Info]: Channel service uri: https://d2c74t4zimux3r.cloudfront.net/STEAM_APP_ID.1063730.json
<2022-05-16 19:25:29.495>: [Info]: Channel name: Retail
<2022-05-16 19:25:29.495>: [Info]: Found cluster data for cluster id: fra-prod
<2022-05-16 19:25:29.495>: [Info]: Display Name: EU Central
<2022-05-16 19:25:29.495>: [Info]: Auth Stack: https://2mfrik7h83.execute-api.us-east-1.amazonaws.com/Prod
<2022-05-16 19:25:29.495>: [Info]: Auth Stack Region: us-east-1
<2022-05-16 19:25:29.495>: [Info]: Gateway Host: u433g9r00c.execute-api.eu-central-1.amazonaws.com
<2022-05-16 19:25:29.495>: [Info]: Gateway Stack: d1w0bfy6smo4d1.cloudfront.net
<2022-05-16 19:25:29.495>: [Info]: Gateway Stack Region: eu-central-1
<2022-05-16 19:25:29.495>: [Info]: Http Gateway Stack: https://d1w0bfy6smo4d1.cloudfront.net/prod
<2022-05-16 19:25:29.495>: [Info]: Http Gateway Stack Region: eu-central-1
<2022-05-16 19:25:29.495>: [Info]: Found cluster data for cluster id: gru-prod
<2022-05-16 19:25:29.495>: [Info]: Display Name: SA East
<2022-05-16 19:25:29.495>: [Info]: Auth Stack: https://kqqt5twsi7.execute-api.us-east-1.amazonaws.com/Prod
<2022-05-16 19:25:29.495>: [Info]: Auth Stack Region: us-east-1
<2022-05-16 19:25:29.495>: [Info]: Gateway Host: j4n6whncmi.execute-api.sa-east-1.amazonaws.com
<2022-05-16 19:25:29.495>: [Info]: Gateway Stack: d1cjlmzk0xrm0z.cloudfront.net
<2022-05-16 19:25:29.495>: [Info]: Gateway Stack Region: sa-east-1
<2022-05-16 19:25:29.495>: [Info]: Http Gateway Stack: https://d1cjlmzk0xrm0z.cloudfront.net/prod
<2022-05-16 19:25:29.495>: [Info]: Http Gateway Stack Region: sa-east-1
<2022-05-16 19:25:29.495>: [Info]: Found cluster data for cluster id: iad-prod
<2022-05-16 19:25:29.495>: [Info]: Display Name: US East
<2022-05-16 19:25:29.495>: [Info]: Auth Stack: https://eudbjx6mig.execute-api.us-east-1.amazonaws.com/Prod
<2022-05-16 19:25:29.495>: [Info]: Auth Stack Region: us-east-1
<2022-05-16 19:25:29.495>: [Info]: Gateway Host: 0prplal5u1.execute-api.us-east-1.amazonaws.com
<2022-05-16 19:25:29.495>: [Info]: Gateway Stack: d2oeuvxi3kfsrw.cloudfront.net
<2022-05-16 19:25:29.495>: [Info]: Gateway Stack Region: us-east-1
<2022-05-16 19:25:29.495>: [Info]: Http Gateway Stack: https://d2oeuvxi3kfsrw.cloudfront.net/prod
<2022-05-16 19:25:29.495>: [Info]: Http Gateway Stack Region: us-east-1
<2022-05-16 19:25:29.495>: [Info]: Found cluster data for cluster id: pdx-prod
<2022-05-16 19:25:29.495>: [Info]: Display Name: US West
<2022-05-16 19:25:29.495>: [Info]: Auth Stack: https://q8hqllbg6k.execute-api.us-east-1.amazonaws.com/Prod
<2022-05-16 19:25:29.495>: [Info]: Auth Stack Region: us-east-1
<2022-05-16 19:25:29.495>: [Info]: Gateway Host: v7irlu1nrl.execute-api.us-west-2.amazonaws.com
<2022-05-16 19:25:29.495>: [Info]: Gateway Stack: d3bj4csovi1fe8.cloudfront.net
<2022-05-16 19:25:29.495>: [Info]: Gateway Stack Region: us-west-2
<2022-05-16 19:25:29.495>: [Info]: Http Gateway Stack: https://d3bj4csovi1fe8.cloudfront.net/prod
<2022-05-16 19:25:29.495>: [Info]: Http Gateway Stack Region: us-west-2
<2022-05-16 19:25:29.495>: [Info]: Found platform metadata for key: ENTITLEMENTS.STEAM_APP_ID.1063730
<2022-05-16 19:25:29.495>: [Info]: Found platform metadata for key: PERSONA.STEAM_APP_ID.1063730
<2022-05-16 19:25:29.495>: [Info]: Found persona role for cluster id: fra-prod - arn:aws:iam::093607389475:role/AgsLiveResources-AllowPersonaAccessRole-1U24RJQDKWS63
<2022-05-16 19:25:29.495>: [Info]: Found persona role for cluster id: fra-qa - arn:aws:iam::544220128841:role/AgsLiveResources-AllowPersonaAccessRole-PSN32B5D8G0L
<2022-05-16 19:25:29.495>: [Info]: Found persona role for cluster id: fra-staging - arn:aws:iam::411585047658:role/AgsLiveResources-AllowPersonaAccessRole-709I6ZY9EAFH
<2022-05-16 19:25:29.495>: [Info]: Found persona role for cluster id: gru-prod - arn:aws:iam::845253724667:role/AgsLiveResources-AllowPersonaAccessRole-SLHVYULH7U5
<2022-05-16 19:25:29.495>: [Info]: Found persona role for cluster id: iad-prod - arn:aws:iam::819349112573:role/AgsLiveResources-AllowPersonaAccessRole-1PHH0BI346X75
<2022-05-16 19:25:29.495>: [Info]: Found persona role for cluster id: iad-staging - arn:aws:iam::910532829260:role/AgsLiveResources-AllowPersonaAccessRole-OXG60NCUXR74
<2022-05-16 19:25:29.495>: [Info]: Found persona role for cluster id: pdx-devo - arn:aws:iam::166847089677:role/AgsLiveResources-AllowPersonaAccessRole-15NKM8MRPA2BX
<2022-05-16 19:25:29.495>: [Info]: Found persona role for cluster id: pdx-prod - arn:aws:iam::458929010575:role/AgsLiveResources-AllowPersonaAccessRole-QYL4I8P12BEA
<2022-05-16 19:25:29.495>: [Info]: Found persona role for cluster id: pdx-qa - arn:aws:iam::379061375310:role/AgsLiveResources-AllowPersonaAccessRole-116SW3GWSL7P1
<2022-05-16 19:25:29.495>: [Info]: Found persona role for cluster id: syd-prod - arn:aws:iam::018141801470:role/AgsLiveResources-AllowPersonaAccessRole-1CPZ9EG8SYMOQ
<2022-05-16 19:25:29.495>: [Info]: Found cluster data for cluster id: syd-prod
<2022-05-16 19:25:29.495>: [Info]: Display Name: AP Southeast
<2022-05-16 19:25:29.495>: [Info]: Auth Stack: https://hhf8nn71vb.execute-api.us-east-1.amazonaws.com/Prod
<2022-05-16 19:25:29.495>: [Info]: Auth Stack Region: us-east-1
<2022-05-16 19:25:29.495>: [Info]: Gateway Host: ep1m9qoir8.execute-api.ap-southeast-2.amazonaws.com
<2022-05-16 19:25:29.495>: [Info]: Gateway Stack: de4mfzk9wkelz.cloudfront.net
<2022-05-16 19:25:29.495>: [Info]: Gateway Stack Region: ap-southeast-2
<2022-05-16 19:25:29.495>: [Info]: Http Gateway Stack: https://de4mfzk9wkelz.cloudfront.net/prod
<2022-05-16 19:25:29.495>: [Info]: Http Gateway Stack Region: ap-southeast-2
<2022-05-16 19:25:34.492>: [Info]: Failure in initializing Fuel::Iap::IapClient: 14
<2022-05-16 19:25:34.493>: [Info] (AZCore): [Game] LogEnvironmentString: ProductId: STEAM_APP_ID.1063730
<2022-05-16 19:25:34.494>: [Info] (AZCore): [Game] LogEnvironmentString: ClusterId: fra-prod
<2022-05-16 19:25:34.496>: [Info] (AZCore): [StackConfig] LayerS3(): layer's "remoteCfg.public.RegionId" S3 key (old: ""), reset to new value: "applications/public/configuration-sets/RegionId/fra-prod/versionless"
<2022-05-16 19:25:34.496>: [Info] (AZCore): [StackConfig] LayerS3(): layer's "remoteCfg.public.RegionIdv" S3 key (old: ""), reset to new value: "applications/public/configuration-sets/RegionId/fra-prod/526;1654989"
<2022-05-16 19:25:34.496>: [Info] (AZCore): [StackConfig] LayerS3(): layer's "remoteCfg.public.CognitoId" S3 key (old: ""), reset to new value: "applications/public/configuration-sets/CognitoId/us-east-1:0de93f7c-814e-4d48-a8fd-b6efc2f9ed93/versionless"
<2022-05-16 19:25:34.496>: [Info] (AZCore): [StackConfig] LayerS3(): layer's "remoteCfg.public.CognitoIdv" S3 key (old: ""), reset to new value: "applications/public/configuration-sets/CognitoId/us-east-1:0de93f7c-814e-4d48-a8fd-b6efc2f9ed93/526;1654989"
<2022-05-16 19:25:34.496>: [Info] (AZCore): [StackConfig] LayerS3(): layer's "remoteCfg.publicGameplay.RegionId" S3 key (old: ""), reset to new value: "applications/publicGameplay/configuration-sets/RegionId/fra-prod/versionless"
<2022-05-16 19:25:34.496>: [Info] (AZCore): [StackConfig] LayerS3(): layer's "remoteCfg.publicGameplay.RegionIdv" S3 key (old: ""), reset to new value: "applications/publicGameplay/configuration-sets/RegionId/fra-prod/526;1654989"
<2022-05-16 19:25:34.496>: [Info] (AZCore): [StackConfig] LayerS3(): layer's "remoteCfg.publicGameplay.CognitoId" S3 key (old: ""), reset to new value: "applications/publicGameplay/configuration-sets/CognitoId/us-east-1:0de93f7c-814e-4d48-a8fd-b6efc2f9ed93/versionless"
<2022-05-16 19:25:34.496>: [Info] (AZCore): [StackConfig] LayerS3(): layer's "remoteCfg.publicGameplay.CognitoIdv" S3 key (old: ""), reset to new value: "applications/publicGameplay/configuration-sets/CognitoId/us-east-1:0de93f7c-814e-4d48-a8fd-b6efc2f9ed93/526;1654989"
<2022-05-16 19:25:34.496>: [Info] (AZCore): [AuthManager] Initializing Steam Auth Manager.
<2022-05-16 19:25:34.496>: [Info] (AZCore): [SteamAuth] Initializing Persona.
<2022-05-16 19:25:34.534>: [Info]: [EasyAntiCheat] Initializing EAC game client module...
<2022-05-16 19:25:34.560>: [Info]: [EasyAntiCheat] ...EAC game client module initialized successfully.
<2022-05-16 19:25:35.885>: [Info]: Initializing default materials...
<2022-05-16 19:25:35.885>: [Info]: Initializing default footstep material...
<2022-05-16 19:25:36.457>: [Info] (AZCore): [streamingGDEManager] Initialize()
<2022-05-16 19:25:36.457>: [Info] (AZCore): [AsyncMapUnload] No previous level to unload, so not starting async.  Just loading this map now: ("frontendv2")
<2022-05-16 19:25:36.457>: [Info]: ============================ Loading level frontendv2 ============================
<2022-05-16 19:25:46.029>: [Info]: CryAnimation: character-definition not found: objects/characters/player/male/feminineShamanMT5/female_feminineShamanMT5.cdf
<2022-05-16 19:25:46.349>: [Info]: CryAnimation: character-definition not found: objects/characters/player/male/feminineRegalT2/female_feminineRegalT2.cdf
<2022-05-16 19:25:46.394>: [Info]: CryAnimation: character-definition not found: objects/characters/player/male/feminineRangerT2/female_feminineRangerT2.cdf
<2022-05-16 19:25:46.412>: [Info]: CryAnimation: character-definition not found: objects/characters/player/male/clotht5var2/male_clothT5var1.cdf
<2022-05-16 19:25:46.470>: [Info]: CryAnimation: character-definition not found: objects/characters/player/male/clotht5var2/male_clothT5var1.cdf
<2022-05-16 19:25:46.639>: [Info]: CGame::InitCoatlicueTerrain
<2022-05-16 19:25:46.682>: [Info] (AZCore): [Game] 0x441F4C03(user) attempting sign-in.
<2022-05-16 19:25:46.682>: [Info] (AZCore): [Game] LogEnvironmentString: Auth Mode: user
<2022-05-16 19:25:46.682>: [Info] (AZCore): [SteamAuth] Attempting to log in to Steam
<2022-05-16 19:25:46.682>: [Info] (AZCore): [SteamAuth] Getting steam auth session ticket.
<2022-05-16 19:25:47.113>: [Info] (AZCore): [SteamAuth] OnAuthSessionTicket: Authenticating using steam auth session ticket: 4
<2022-05-16 19:25:47.118>: [Info] (AZCore): [SteamAuth] CreateSteamSessionJob: Calling Persona to create steam session
<2022-05-16 19:25:48.809>: [Info] (AZCore): [SteamAuth] OnCreatedSessionSteam: Creating session for persona id: amzn1.developerPersonaId.02e9f3b7-55e1-865a-9031-570ce6f27a49.
<2022-05-16 19:25:48.809>: [Info] (AZCore): [SteamAuth] Calling Http API: https://d1w0bfy6smo4d1.cloudfront.net/prod/credentials
<2022-05-16 19:25:49.228>: [Info] (AZCore): [AuthStackCredentialsProvider] Successfully refreshed gateway AWS credentials, next attempt will start after 2022-05-16T20:20:48Z
<2022-05-16 19:25:49.228>: [Info] (AZCore): [AuthStackCredentialsProvider] Successfully refreshed persona AWS credentials, next attempt will start after 2022-05-16T20:20:48Z
<2022-05-16 19:25:49.271>: [Info] (AZCore): [Game] CGame::OnCampfireLoginComplete, login successful. ownership=permanent
<2022-05-16 19:25:49.271>: [Info] (AZCore): [Game] LogEnvironmentString: Gateway Signing Host: u433g9r00c.execute-api.eu-central-1.amazonaws.com
<2022-05-16 19:25:49.271>: [Info] (AZCore): [Game] LogEnvironmentString: Gateway Address: d1w0bfy6smo4d1.cloudfront.net
<2022-05-16 19:25:49.271>: [Info] (AZCore): [Game] LogEnvironmentString: HTTP Gateway Address: https://d1w0bfy6smo4d1.cloudfront.net/prod
<2022-05-16 19:25:49.271>: [Info] (AZCore): [Game] LogEnvironmentString: Gateway Mode: gateway
<2022-05-16 19:25:49.271>: [Info] (AZCore): [GameConnection] ConfigureLogin MODE_GATEWAY: endpoint=d1w0bfy6smo4d1.cloudfront.net, httpEntpoint=https://d1w0bfy6smo4d1.cloudfront.net/prod, region=eu-central-1
<2022-05-16 19:25:49.280>: [Info] (AZCore): [StackConfig] LayerS3(): layer's "remoteCfg.public.ProductId" S3 key (old: ""), reset to new value: "applications/public/configuration-sets/ProductId/STEAM_APP_ID.1063730/versionless"
<2022-05-16 19:25:49.280>: [Info] (AZCore): [StackConfig] Querying "remoteCfg.public.ProductId" remote config. S3 key: "applications/public/configuration-sets/ProductId/STEAM_APP_ID.1063730/versionless"
<2022-05-16 19:25:49.790>: [Info] (AZCore): [StackConfig] Retrieved layer's "remoteCfg.public.ProductId" remote config, with S3 key: "applications/public/configuration-sets/ProductId/STEAM_APP_ID.1063730/versionless" successfully, size: 339

<2022-05-16 19:25:49.795>: [Info] (AZCore): [StackConfig] LayerS3(): layer's "remoteCfg.public.ProductIdv" S3 key (old: ""), reset to new value: "applications/public/configuration-sets/ProductId/STEAM_APP_ID.1063730/526;1654989"
<2022-05-16 19:25:49.795>: [Info] (AZCore): [StackConfig] Querying "remoteCfg.public.ProductIdv" remote config. S3 key: "applications/public/configuration-sets/ProductId/STEAM_APP_ID.1063730/526;1654989"
<2022-05-16 19:25:49.905>: [Info] (AZCore): [StackConfig] LayerS3(): layer's "remoteCfg.public.RegionId" S3 key (old: "applications/public/configuration-sets/RegionId/fra-prod/versionless"), reset to new value: "applications/public/configuration-sets/RegionId/fra-prod/versionless"
<2022-05-16 19:25:49.905>: [Info] (AZCore): [StackConfig] Querying "remoteCfg.public.RegionId" remote config. S3 key: "applications/public/configuration-sets/RegionId/fra-prod/versionless"
<2022-05-16 19:25:50.048>: [Info] (AZCore): [StackConfig] Retrieved layer's "remoteCfg.public.RegionId" remote config, with S3 key: "applications/public/configuration-sets/RegionId/fra-prod/versionless" successfully, size: 246

<2022-05-16 19:25:50.053>: [Info] (AZCore): [StackConfig] LayerS3(): layer's "remoteCfg.public.RegionIdv" S3 key (old: "applications/public/configuration-sets/RegionId/fra-prod/526;1654989"), reset to new value: "applications/public/configuration-sets/RegionId/fra-prod/526;1654989"
<2022-05-16 19:25:50.053>: [Info] (AZCore): [StackConfig] Querying "remoteCfg.public.RegionIdv" remote config. S3 key: "applications/public/configuration-sets/RegionId/fra-prod/526;1654989"
<2022-05-16 19:25:50.174>: [Info] (AZCore): [StackConfig] LayerS3(): layer's "remoteCfg.publicGameplay.ProductId" S3 key (old: ""), reset to new value: "applications/publicGameplay/configuration-sets/ProductId/STEAM_APP_ID.1063730/versionless"
<2022-05-16 19:25:50.174>: [Info] (AZCore): [StackConfig] Querying "remoteCfg.publicGameplay.ProductId" remote config. S3 key: "applications/publicGameplay/configuration-sets/ProductId/STEAM_APP_ID.1063730/versionless"
<2022-05-16 19:25:50.287>: [Info] (AZCore): [StackConfig] Retrieved layer's "remoteCfg.publicGameplay.ProductId" remote config, with S3 key: "applications/publicGameplay/configuration-sets/ProductId/STEAM_APP_ID.1063730/versionless" successfully, size: 517

<2022-05-16 19:25:50.292>: [Info] (AZCore): [StackConfig] LayerS3(): layer's "remoteCfg.publicGameplay.ProductIdv" S3 key (old: ""), reset to new value: "applications/publicGameplay/configuration-sets/ProductId/STEAM_APP_ID.1063730/526;1654989"
<2022-05-16 19:25:50.292>: [Info] (AZCore): [StackConfig] Querying "remoteCfg.publicGameplay.ProductIdv" remote config. S3 key: "applications/publicGameplay/configuration-sets/ProductId/STEAM_APP_ID.1063730/526;1654989"
<2022-05-16 19:25:50.400>: [Info] (AZCore): [StackConfig] LayerS3(): layer's "remoteCfg.publicGameplay.RegionId" S3 key (old: "applications/publicGameplay/configuration-sets/RegionId/fra-prod/versionless"), reset to new value: "applications/publicGameplay/configuration-sets/RegionId/fra-prod/versionless"
<2022-05-16 19:25:50.400>: [Info] (AZCore): [StackConfig] Querying "remoteCfg.publicGameplay.RegionId" remote config. S3 key: "applications/publicGameplay/configuration-sets/RegionId/fra-prod/versionless"
<2022-05-16 19:25:50.512>: [Info] (AZCore): [StackConfig] Retrieved layer's "remoteCfg.publicGameplay.RegionId" remote config, with S3 key: "applications/publicGameplay/configuration-sets/RegionId/fra-prod/versionless" successfully, size: 137

<2022-05-16 19:25:50.518>: [Info] (AZCore): [StackConfig] LayerS3(): layer's "remoteCfg.publicGameplay.RegionIdv" S3 key (old: "applications/publicGameplay/configuration-sets/RegionId/fra-prod/526;1654989"), reset to new value: "applications/publicGameplay/configuration-sets/RegionId/fra-prod/526;1654989"
<2022-05-16 19:25:50.518>: [Info] (AZCore): [StackConfig] Querying "remoteCfg.publicGameplay.RegionIdv" remote config. S3 key: "applications/publicGameplay/configuration-sets/RegionId/fra-prod/526;1654989"
<2022-05-16 19:25:51.223>: [Info] (AZCore): [Game] LogEnvironmentString: Persona ID: amzn1.developerPersonaId.02e9f3b7-55e1-865a-9031-570ce6f27a49
<2022-05-16 19:25:51.603>: [Info]: 
<2022-05-16 19:25:51.604>: [Info]: Total number of logical processors: 16
<2022-05-16 19:25:51.604>: [Info]: Number of available logical processors: 16
<2022-05-16 19:25:51.604>: [Info]: Total number of system cores: 8
<2022-05-16 19:25:51.604>: [Info]: Number of cores available to process: 8
<2022-05-16 19:25:51.604>: [Info]:  
<2022-05-16 19:25:51.604>: [Info]: Processor 0:
<2022-05-16 19:25:51.604>: [Info]:   CPU: Intel        Intel(R) Xeon(R) CPU E5-2689 0 @ 2.60GHz
<2022-05-16 19:25:51.604>: [Info]:   Family: 6, Model: 13, Stepping: 7
<2022-05-16 19:25:51.604>: [Info]:   FPU: On-Chip
<2022-05-16 19:25:51.604>: [Info]:   3DNow!: not present
<2022-05-16 19:25:51.604>: [Info]:   MMX: not present
<2022-05-16 19:25:51.604>: [Info]:   SSE: present
<2022-05-16 19:25:51.604>: [Info]:   SSE2: present
<2022-05-16 19:25:51.604>: [Info]:   SSE3: present
<2022-05-16 19:25:51.604>: [Info]:   Serial number not present or disabled
<2022-05-16 19:25:51.604>: [Info]:  
<2022-05-16 19:25:51.604>: [Info]: Processor 1:
<2022-05-16 19:25:51.604>: [Info]:   CPU: Intel        Intel(R) Xeon(R) CPU E5-2689 0 @ 2.60GHz
<2022-05-16 19:25:51.604>: [Info]:   Family: 6, Model: 13, Stepping: 7
<2022-05-16 19:25:51.604>: [Info]:   FPU: On-Chip
<2022-05-16 19:25:51.604>: [Info]:   3DNow!: not present
<2022-05-16 19:25:51.604>: [Info]:   MMX: not present
<2022-05-16 19:25:51.604>: [Info]:   SSE: present
<2022-05-16 19:25:51.604>: [Info]:   SSE2: present
<2022-05-16 19:25:51.604>: [Info]:   SSE3: present
<2022-05-16 19:25:51.604>: [Info]:   Serial number not present or disabled
<2022-05-16 19:25:51.604>: [Info]:  
<2022-05-16 19:25:51.604>: [Info]: Processor 2:
<2022-05-16 19:25:51.604>: [Info]:   CPU: Intel        Intel(R) Xeon(R) CPU E5-2689 0 @ 2.60GHz
<2022-05-16 19:25:51.604>: [Info]:   Family: 6, Model: 13, Stepping: 7
<2022-05-16 19:25:51.604>: [Info]:   FPU: On-Chip
<2022-05-16 19:25:51.604>: [Info]:   3DNow!: not present
<2022-05-16 19:25:51.604>: [Info]:   MMX: not present
<2022-05-16 19:25:51.604>: [Info]:   SSE: present
<2022-05-16 19:25:51.604>: [Info]:   SSE2: present
<2022-05-16 19:25:51.604>: [Info]:   SSE3: present
<2022-05-16 19:25:51.604>: [Info]:   Serial number not present or disabled
<2022-05-16 19:25:51.604>: [Info]:  
<2022-05-16 19:25:51.604>: [Info]: Processor 3:
<2022-05-16 19:25:51.604>: [Info]:   CPU: Intel        Intel(R) Xeon(R) CPU E5-2689 0 @ 2.60GHz
<2022-05-16 19:25:51.604>: [Info]:   Family: 6, Model: 13, Stepping: 7
<2022-05-16 19:25:51.604>: [Info]:   FPU: On-Chip
<2022-05-16 19:25:51.604>: [Info]:   3DNow!: not present
<2022-05-16 19:25:51.604>: [Info]:   MMX: not present
<2022-05-16 19:25:51.604>: [Info]:   SSE: present
<2022-05-16 19:25:51.604>: [Info]:   SSE2: present
<2022-05-16 19:25:51.604>: [Info]:   SSE3: present
<2022-05-16 19:25:51.604>: [Info]:   Serial number not present or disabled
<2022-05-16 19:25:51.604>: [Info]:  
<2022-05-16 19:25:51.604>: [Info]: Processor 4:
<2022-05-16 19:25:51.604>: [Info]:   CPU: Intel        Intel(R) Xeon(R) CPU E5-2689 0 @ 2.60GHz
<2022-05-16 19:25:51.604>: [Info]:   Family: 6, Model: 13, Stepping: 7
<2022-05-16 19:25:51.604>: [Info]:   FPU: On-Chip
<2022-05-16 19:25:51.604>: [Info]:   3DNow!: not present
<2022-05-16 19:25:51.604>: [Info]:   MMX: not present
<2022-05-16 19:25:51.604>: [Info]:   SSE: present
<2022-05-16 19:25:51.604>: [Info]:   SSE2: present
<2022-05-16 19:25:51.604>: [Info]:   SSE3: present
<2022-05-16 19:25:51.604>: [Info]:   Serial number not present or disabled
<2022-05-16 19:25:51.604>: [Info]:  
<2022-05-16 19:25:51.604>: [Info]: Processor 5:
<2022-05-16 19:25:51.604>: [Info]:   CPU: Intel        Intel(R) Xeon(R) CPU E5-2689 0 @ 2.60GHz
<2022-05-16 19:25:51.604>: [Info]:   Family: 6, Model: 13, Stepping: 7
<2022-05-16 19:25:51.604>: [Info]:   FPU: On-Chip
<2022-05-16 19:25:51.604>: [Info]:   3DNow!: not present
<2022-05-16 19:25:51.604>: [Info]:   MMX: not present
<2022-05-16 19:25:51.604>: [Info]:   SSE: present
<2022-05-16 19:25:51.604>: [Info]:   SSE2: present
<2022-05-16 19:25:51.604>: [Info]:   SSE3: present
<2022-05-16 19:25:51.604>: [Info]:   Serial number not present or disabled
<2022-05-16 19:25:51.604>: [Info]:  
<2022-05-16 19:25:51.604>: [Info]: Processor 6:
<2022-05-16 19:25:51.604>: [Info]:   CPU: Intel        Intel(R) Xeon(R) CPU E5-2689 0 @ 2.60GHz
<2022-05-16 19:25:51.604>: [Info]:   Family: 6, Model: 13, Stepping: 7
<2022-05-16 19:25:51.604>: [Info]:   FPU: On-Chip
<2022-05-16 19:25:51.604>: [Info]:   3DNow!: not present
<2022-05-16 19:25:51.604>: [Info]:   MMX: not present
<2022-05-16 19:25:51.604>: [Info]:   SSE: present
<2022-05-16 19:25:51.604>: [Info]:   SSE2: present
<2022-05-16 19:25:51.604>: [Info]:   SSE3: present
<2022-05-16 19:25:51.604>: [Info]:   Serial number not present or disabled
<2022-05-16 19:25:51.604>: [Info]:  
<2022-05-16 19:25:51.604>: [Info]: Processor 7:
<2022-05-16 19:25:51.604>: [Info]:   CPU: Intel        Intel(R) Xeon(R) CPU E5-2689 0 @ 2.60GHz
<2022-05-16 19:25:51.604>: [Info]:   Family: 6, Model: 13, Stepping: 7
<2022-05-16 19:25:51.604>: [Info]:   FPU: On-Chip
<2022-05-16 19:25:51.604>: [Info]:   3DNow!: not present
<2022-05-16 19:25:51.604>: [Info]:   MMX: not present
<2022-05-16 19:25:51.604>: [Info]:   SSE: present
<2022-05-16 19:25:51.604>: [Info]:   SSE2: present
<2022-05-16 19:25:51.604>: [Info]:   SSE3: present
<2022-05-16 19:25:51.604>: [Info]:   Serial number not present or disabled
<2022-05-16 19:25:51.604>: [Info]:  
<2022-05-16 19:25:51.604>: [Info]: Change detected in analytics configuration. Re-instantiating network traffic reporter
<2022-05-16 19:26:03.631>: [Info] (AZCore): [Game] CGame::ActorContainerConnect
<2022-05-16 19:26:03.631>: [Info] (AZCore): [GameConnection] GameConnectionWrapper::Disconnect
<2022-05-16 19:26:03.631>: [Info] (AZCore): [GameConnection] GameConnectionWrapper::Connect: playerName = xuppra
<2022-05-16 19:26:03.631>: [Info] (AZCore): [GameConnection] Update state Disconnected to new state QueueGameLogin
<2022-05-16 19:26:03.647>: [Info] (AZCore): [GameConnection] Update state QueueGameLogin to new state WaitingForQueuedLogin
<2022-05-16 19:26:03.647>: [Info] (AZCore): [GameConnection] Queuing login for world () and character (9b7f7427-abde-4ac3-83cd-f10d78f51d29)
<2022-05-16 19:26:05.215>: [Info] (AZCore): [GameConnection] Received a login ticket: 86ae8332-ed32-420e-985c-61011022847a_e2d4d0c1-241a-43d7-a2c1-dedb16d23a6c, location: , New Ticket
<2022-05-16 19:26:07.506>: [Info] (AZCore): [GameConnection] Received a login ticket: 86ae8332-ed32-420e-985c-61011022847a_e2d4d0c1-241a-43d7-a2c1-dedb16d23a6c, location: , Refreshed Ticket
<2022-05-16 19:26:07.507>: [Info] (AZCore): [Game] LogEnvironmentString: World ID: 86ae8332-ed32-420e-985c-61011022847a
<2022-05-16 19:26:07.507>: [Info] (AZCore): [Game] LogEnvironmentString: World Name: live-1-12-2
<2022-05-16 19:26:07.507>: [Info] (AZCore): [Game] LogEnvironmentString: Character ID: 9b7f7427-abde-4ac3-83cd-f10d78f51d29
<2022-05-16 19:26:07.507>: [Info] (AZCore): [Game] LogEnvironmentString: REP Address: 52.223.18.203:36634
<2022-05-16 19:26:07.523>: [Info] (AZCore): [GameConnection] Update state WaitingForQueuedLogin to new state QueryForRemoteConfigClass
<2022-05-16 19:26:07.528>: [Info] (AZCore): [StackConfig] LayerS3(): layer's "remoteCfg.public.CognitoId" S3 key (old: "applications/public/configuration-sets/CognitoId/us-east-1:0de93f7c-814e-4d48-a8fd-b6efc2f9ed93/versionless"), reset to new value: "applications/public/configuration-sets/CognitoId/us-east-1:0de93f7c-814e-4d48-a8fd-b6efc2f9ed93/versionless"
<2022-05-16 19:26:07.529>: [Info] (AZCore): [GameConnection] Update state QueryForRemoteConfigClass to new state WaitingForRemoteConfigClass
<2022-05-16 19:26:07.530>: [Info] (AZCore): [StackConfig] Querying "remoteCfg.public.CognitoId" remote config. S3 key: "applications/public/configuration-sets/CognitoId/us-east-1:0de93f7c-814e-4d48-a8fd-b6efc2f9ed93/versionless"
<2022-05-16 19:26:08.046>: [Info] (AZCore): [StackConfig] Retrieved layer's "remoteCfg.public.CognitoId" remote config, with S3 key: "applications/public/configuration-sets/CognitoId/us-east-1:0de93f7c-814e-4d48-a8fd-b6efc2f9ed93/versionless" successfully, size: 462

<2022-05-16 19:26:08.058>: [Info] (AZCore): [GameConnection] Update state WaitingForRemoteConfigClass to new state QueryForRemoteConfigClass
<2022-05-16 19:26:08.074>: [Info] (AZCore): [StackConfig] LayerS3(): layer's "remoteCfg.public.CognitoIdv" S3 key (old: "applications/public/configuration-sets/CognitoId/us-east-1:0de93f7c-814e-4d48-a8fd-b6efc2f9ed93/526;1654989"), reset to new value: "applications/public/configuration-sets/CognitoId/us-east-1:0de93f7c-814e-4d48-a8fd-b6efc2f9ed93/526;1654989"
<2022-05-16 19:26:08.074>: [Info] (AZCore): [GameConnection] Update state QueryForRemoteConfigClass to new state WaitingForRemoteConfigClass
<2022-05-16 19:26:08.075>: [Info] (AZCore): [StackConfig] Querying "remoteCfg.public.CognitoIdv" remote config. S3 key: "applications/public/configuration-sets/CognitoId/us-east-1:0de93f7c-814e-4d48-a8fd-b6efc2f9ed93/526;1654989"
<2022-05-16 19:26:08.202>: [Info] (AZCore): [GameConnection] Update state WaitingForRemoteConfigClass to new state QueryForRemoteConfigClass
<2022-05-16 19:26:08.218>: [Info] (AZCore): [StackConfig] LayerS3(): layer's "remoteCfg.public.WorldId" S3 key (old: ""), reset to new value: "applications/public/configuration-sets/WorldId/86ae8332-ed32-420e-985c-61011022847a/versionless"
<2022-05-16 19:26:08.218>: [Info] (AZCore): [GameConnection] Update state QueryForRemoteConfigClass to new state WaitingForRemoteConfigClass
<2022-05-16 19:26:08.219>: [Info] (AZCore): [StackConfig] Querying "remoteCfg.public.WorldId" remote config. S3 key: "applications/public/configuration-sets/WorldId/86ae8332-ed32-420e-985c-61011022847a/versionless"
<2022-05-16 19:26:08.346>: [Info] (AZCore): [GameConnection] Update state WaitingForRemoteConfigClass to new state QueryForRemoteConfigClass
<2022-05-16 19:26:08.362>: [Info] (AZCore): [StackConfig] LayerS3(): layer's "remoteCfg.public.WorldIdv" S3 key (old: ""), reset to new value: "applications/public/configuration-sets/WorldId/86ae8332-ed32-420e-985c-61011022847a/526;1654989"
<2022-05-16 19:26:08.362>: [Info] (AZCore): [GameConnection] Update state QueryForRemoteConfigClass to new state WaitingForRemoteConfigClass
<2022-05-16 19:26:08.363>: [Info] (AZCore): [StackConfig] Querying "remoteCfg.public.WorldIdv" remote config. S3 key: "applications/public/configuration-sets/WorldId/86ae8332-ed32-420e-985c-61011022847a/526;1654989"
<2022-05-16 19:26:08.473>: [Info] (AZCore): [GameConnection] Update state WaitingForRemoteConfigClass to new state QueryForRemoteConfigClass
<2022-05-16 19:26:08.489>: [Info] (AZCore): [StackConfig] LayerS3(): layer's "remoteCfg.publicGameplay.CognitoId" S3 key (old: "applications/publicGameplay/configuration-sets/CognitoId/us-east-1:0de93f7c-814e-4d48-a8fd-b6efc2f9ed93/versionless"), reset to new value: "applications/publicGameplay/configuration-sets/CognitoId/us-east-1:0de93f7c-814e-4d48-a8fd-b6efc2f9ed93/versionless"
<2022-05-16 19:26:08.490>: [Info] (AZCore): [GameConnection] Update state QueryForRemoteConfigClass to new state WaitingForRemoteConfigClass
<2022-05-16 19:26:08.491>: [Info] (AZCore): [StackConfig] Querying "remoteCfg.publicGameplay.CognitoId" remote config. S3 key: "applications/publicGameplay/configuration-sets/CognitoId/us-east-1:0de93f7c-814e-4d48-a8fd-b6efc2f9ed93/versionless"
<2022-05-16 19:26:08.608>: [Info] (AZCore): [StackConfig] Retrieved layer's "remoteCfg.publicGameplay.CognitoId" remote config, with S3 key: "applications/publicGameplay/configuration-sets/CognitoId/us-east-1:0de93f7c-814e-4d48-a8fd-b6efc2f9ed93/versionless" successfully, size: 2145

<2022-05-16 19:26:08.617>: [Info] (AZCore): [GameConnection] Update state WaitingForRemoteConfigClass to new state QueryForRemoteConfigClass
<2022-05-16 19:26:08.633>: [Info] (AZCore): [StackConfig] LayerS3(): layer's "remoteCfg.publicGameplay.CognitoIdv" S3 key (old: "applications/publicGameplay/configuration-sets/CognitoId/us-east-1:0de93f7c-814e-4d48-a8fd-b6efc2f9ed93/526;1654989"), reset to new value: "applications/publicGameplay/configuration-sets/CognitoId/us-east-1:0de93f7c-814e-4d48-a8fd-b6efc2f9ed93/526;1654989"
<2022-05-16 19:26:08.634>: [Info] (AZCore): [GameConnection] Update state QueryForRemoteConfigClass to new state WaitingForRemoteConfigClass
<2022-05-16 19:26:08.635>: [Info] (AZCore): [StackConfig] Querying "remoteCfg.publicGameplay.CognitoIdv" remote config. S3 key: "applications/publicGameplay/configuration-sets/CognitoId/us-east-1:0de93f7c-814e-4d48-a8fd-b6efc2f9ed93/526;1654989"
<2022-05-16 19:26:08.746>: [Info] (AZCore): [GameConnection] Update state WaitingForRemoteConfigClass to new state QueryForRemoteConfigClass
<2022-05-16 19:26:08.762>: [Info] (AZCore): [StackConfig] LayerS3(): layer's "remoteCfg.publicGameplay.WorldId" S3 key (old: ""), reset to new value: "applications/publicGameplay/configuration-sets/WorldId/86ae8332-ed32-420e-985c-61011022847a/versionless"
<2022-05-16 19:26:08.763>: [Info] (AZCore): [GameConnection] Update state QueryForRemoteConfigClass to new state WaitingForRemoteConfigClass
<2022-05-16 19:26:08.763>: [Info] (AZCore): [StackConfig] Querying "remoteCfg.publicGameplay.WorldId" remote config. S3 key: "applications/publicGameplay/configuration-sets/WorldId/86ae8332-ed32-420e-985c-61011022847a/versionless"
<2022-05-16 19:26:08.875>: [Info] (AZCore): [GameConnection] Update state WaitingForRemoteConfigClass to new state QueryForRemoteConfigClass
<2022-05-16 19:26:08.891>: [Info] (AZCore): [StackConfig] LayerS3(): layer's "remoteCfg.publicGameplay.WorldIdv" S3 key (old: ""), reset to new value: "applications/publicGameplay/configuration-sets/WorldId/86ae8332-ed32-420e-985c-61011022847a/526;1654989"
<2022-05-16 19:26:08.892>: [Info] (AZCore): [GameConnection] Update state QueryForRemoteConfigClass to new state WaitingForRemoteConfigClass
<2022-05-16 19:26:08.892>: [Info] (AZCore): [StackConfig] Querying "remoteCfg.publicGameplay.WorldIdv" remote config. S3 key: "applications/publicGameplay/configuration-sets/WorldId/86ae8332-ed32-420e-985c-61011022847a/526;1654989"
<2022-05-16 19:26:09.019>: [Info] (AZCore): [GameConnection] Update state WaitingForRemoteConfigClass to new state QueryForRemoteConfigClass
<2022-05-16 19:26:09.035>: [Info] (AZCore): [GameConnection] Update state QueryForRemoteConfigClass to new state StartREPConnection
<2022-05-16 19:26:09.051>: [Info] (AZCore): [GameConnection] GameConnectionWrapper: start REP connection RepAddress = 52.223.18.203:36634, worldId = 86ae8332-ed32-420e-985c-61011022847a
<2022-05-16 19:26:09.056>: [Info] (AZCore): [GameConnection] Update state StartREPConnection to new state WaitingForREPConnection
<2022-05-16 19:26:09.241>: [Info] (AZCore): [GameConnection] GameConnectionWrapper: REP socket connection established, now waiting to register
<2022-05-16 19:26:09.302>: [Info] (AZCore): [GameConnection] GameConnectionWrapper: received registration response from REP
<2022-05-16 19:26:09.302>: [Info] (AZCore): [Game] LogEnvironmentString: Server version: [RELEASE].Javelin.1.16.526.1654989
<2022-05-16 19:26:09.306>: [Info] (AZCore): [GameConnection] GameConnectionWrapper: start actor game connection
<2022-05-16 19:26:09.307>: [Info] (AZCore): [GameConnection] Update state WaitingForREPConnection to new state WaitingForActorGameConnection
<2022-05-16 19:26:09.418>: [Info] (AZCore): [GameConnection] GameConnectionWrapper: actor game connection succeeds
<2022-05-16 19:26:09.418>: [Info] (AZCore): [GameConnection] Initialize current retry count : 0
<2022-05-16 19:26:09.418>: [Info] (AZCore): [GameConnection] Update state WaitingForActorGameConnection to new state WaitingForSpawnPoint
<2022-05-16 19:26:09.434>: [Info] (AZCore): [GameConnection] GameConnectionWrapper: spawn point found
<2022-05-16 19:26:09.434>: [Info] (AZCore): [GameConnection] Update state WaitingForSpawnPoint to new state WaitingForAOIClient
<2022-05-16 19:26:09.626>: [Info] (AZCore): [GameMessagePort] LevelInfoChanged m_clientContextInstanceId 0 changing to levelInfo.m_clientContextInstanceId 1
<2022-05-16 19:26:09.642>: [Info] (AZCore): [GameConnection] GameConnectionWrapper: AOI client available
<2022-05-16 19:26:09.642>: [Info] (AZCore): [GameConnection] Update state WaitingForAOIClient to new state WaitingForPlayerSpawn
<2022-05-16 19:26:09.658>: [Info] (AZCore): [GameMessagePort] Calling clientContext->Initialize
<2022-05-16 19:26:09.658>: [Info] (AZCore): [ClientContext] Initialize()
<2022-05-16 19:26:09.658>: [Info] (AZCore): [ClientContext] Cleanup()
<2022-05-16 19:26:11.895>: [Info] (AZCore): [streamingGDEManager] Initialize()
<2022-05-16 19:26:11.896>: [Info] (AZCore): [AsyncMapUnload] Loading of map "NewWorld_VitaeEterna" deferred in order to async unload previous level "frontendv2": starting async unload...
<2022-05-16 19:26:11.898>: [Info] (AZCore): [AsyncMapUnload] Lumberyard Connection State: "WaitingForPlayerSpawn"
<2022-05-16 19:26:11.898>: [Info] (AZCore): [AsyncMapUnload] waiting... numJobs 0, AssetBus::context.m_queue.size(): 328, waitingRefs (from bus): 0
<2022-05-16 19:26:11.898>: [Info] (AZCore): [GameMessagePort] HandleUnexpectedMessage skipping ReceiveStateBundle for bundle message due to clientContext == nullptr
<2022-05-16 19:26:11.903>: [Info] (AZCore): [AsyncMapUnload] waiting... numJobs 0, AssetBus::context.m_queue.size(): 1, waitingRefs (from bus): 0
<2022-05-16 19:26:12.757>: [Info] (AZCore): [AsyncMapUnload] waiting... numJobs 107, AssetBus::context.m_queue.size(): 3, waitingRefs (from bus): 0
<2022-05-16 19:26:13.000>: [Info] (AZCore): [AsyncMapUnload] DONE waiting... numJobs 0, AssetBus::context.m_queue.size(): 0, waitingRefs (from bus): 0
<2022-05-16 19:26:13.000>: [Info] (AZCore): [AsyncMapUnload] ...allowing map change
<2022-05-16 19:26:13.000>: [Info]: ============================ Loading level NewWorld_VitaeEterna ============================
<2022-05-16 19:26:16.686>: [Info]: CGame::InitCoatlicueTerrain
<2022-05-16 19:26:16.691>: [Info] (AZCore): [GameMessagePort] ProcessPendingReliableMsgQueue processing 2 messages from m_pendingUnexpectedMsgs
<2022-05-16 19:26:17.282>: [Info] (AZCore): [GDERenderManager] Init()
<2022-05-16 19:26:17.335>: [Info] (AZCore): [Game] LogEnvironmentString: Player Name: xuppra
<2022-05-16 19:26:17.335>: [Info] (AZCore): [Game] LogEnvironmentString: Player Actor: AE595B482D0B0A66E58F984433AC4281
<2022-05-16 19:26:17.365>: [Info]: SerializeOptions: Success
<2022-05-16 19:26:17.365>: [Info]: SerializeOptions: Moving to C:/Users/cedric/AppData/Roaming/AGS/New World/savedata/temp_usersettings.javsave
<2022-05-16 19:26:17.411>: [Info] (AZCore): [GameConnection] GameConnectionWrapper: player spawn succeeds, in game
<2022-05-16 19:26:17.411>: [Info] (AZCore): [GameConnection] Update state WaitingForPlayerSpawn to new state InGame
<2022-05-16 19:26:17.411>: [Info] (AZCore): [Game] JavelinGame::OnConnectionSucceed
<2022-05-16 19:26:28.991>: [Info]: SerializeOptions: Success
<2022-05-16 19:26:28.991>: [Info]: SerializeOptions: Moving to C:/Users/cedric/AppData/Roaming/AGS/New World/savedata/temp_usersettings.javsave
<2022-05-16 19:32:34.579>: [Info]: SerializeOptions: Success
<2022-05-16 19:32:34.579>: [Info]: SerializeOptions: Moving to C:/Users/cedric/AppData/Roaming/AGS/New World/savedata/temp_usersettings.javsave
<2022-05-16 19:32:42.095>: [Info]: SerializeOptions: Success
<2022-05-16 19:32:42.095>: [Info]: SerializeOptions: Moving to C:/Users/cedric/AppData/Roaming/AGS/New World/savedata/temp_usersettings.javsave
<2022-05-16 19:35:20.749>: [Info]: SerializeOptions: Success
<2022-05-16 19:35:20.749>: [Info]: SerializeOptions: Moving to C:/Users/cedric/AppData/Roaming/AGS/New World/savedata/temp_usersettings.javsave
<2022-05-16 19:35:21.361>: [Info] (AZCore): [GameConnection] Update state InGame to new state WaitingForAOIClient
<2022-05-16 19:35:21.361>: [Info] (AZCore): [GameMessagePort] LevelInfoChanged m_clientContextInstanceId 1 changing to levelInfo.m_clientContextInstanceId 2
<2022-05-16 19:35:21.409>: [Info] (AZCore): [GameConnection] GameConnectionWrapper: AOI client available
<2022-05-16 19:35:21.409>: [Info] (AZCore): [GameConnection] Update state WaitingForAOIClient to new state WaitingForPlayerSpawn
<2022-05-16 19:35:21.521>: [Info] (AZCore): [GameMessagePort] Calling clientContext->Initialize
<2022-05-16 19:35:21.521>: [Info] (AZCore): [ClientContext] Initialize()
<2022-05-16 19:35:21.521>: [Info] (AZCore): [ClientContext] Cleanup()
<2022-05-16 19:35:21.521>: [Info] (AZCore): [GDERenderManager] Releasing resources!
<2022-05-16 19:35:21.532>: [Info] (AZCore): [streamingGDEManager] Shutting down and releasing regions
<2022-05-16 19:35:21.595>: [Info] (AZCore): [streamingGDEManager] Shutting down and releasing regions
<2022-05-16 19:35:21.889>: [Info] (AZCore): [streamingGDEManager] Initialize()
<2022-05-16 19:35:21.890>: [Info] (AZCore): [AsyncMapUnload] Loading of map "NW_Dungeon_ShatterMtn_00" deferred in order to async unload previous level "NewWorld_VitaeEterna": starting async unload...
<2022-05-16 19:35:21.894>: [Info] (AZCore): [AsyncMapUnload] Lumberyard Connection State: "WaitingForPlayerSpawn"
<2022-05-16 19:35:21.894>: [Info] (AZCore): [AsyncMapUnload] waiting... numJobs 0, AssetBus::context.m_queue.size(): 1557, waitingRefs (from bus): 0
<2022-05-16 19:35:21.894>: [Info] (AZCore): [GameMessagePort] HandleUnexpectedMessage skipping ReceiveStateBundle for bundle message due to clientContext == nullptr
<2022-05-16 19:35:21.908>: [Info]: SerializeOptions: Success
<2022-05-16 19:35:21.908>: [Info]: SerializeOptions: Moving to C:/Users/cedric/AppData/Roaming/AGS/New World/savedata/temp_usersettings.javsave
<2022-05-16 19:35:21.945>: [Info] (AZCore): [AsyncMapUnload] waiting... numJobs 1, AssetBus::context.m_queue.size(): 0, waitingRefs (from bus): 0
<2022-05-16 19:35:21.987>: [Info] (AZCore): [AsyncMapUnload] waiting... numJobs 0, AssetBus::context.m_queue.size(): 788, waitingRefs (from bus): 0
<2022-05-16 19:35:22.007>: [Info] (AZCore): [AsyncMapUnload] waiting... numJobs 0, AssetBus::context.m_queue.size(): 166, waitingRefs (from bus): 0
<2022-05-16 19:35:22.023>: [Info] (AZCore): [AsyncMapUnload] DONE waiting... numJobs 0, AssetBus::context.m_queue.size(): 0, waitingRefs (from bus): 0
<2022-05-16 19:35:22.023>: [Info] (AZCore): [AsyncMapUnload] ...allowing map change
<2022-05-16 19:35:22.023>: [Info]: ============================ Loading level NW_Dungeon_ShatterMtn_00 ============================
<2022-05-16 19:35:25.137>: [Info]: CGame::InitCoatlicueTerrain
<2022-05-16 19:35:25.141>: [Info] (AZCore): [GameMessagePort] ProcessPendingReliableMsgQueue processing 1 messages from m_pendingUnexpectedMsgs
<2022-05-16 19:35:25.444>: [Info] (AZCore): [GDERenderManager] Init()
<2022-05-16 19:35:28.007>: [Info] (AZCore): [GameConnection] GameConnectionWrapper: player spawn succeeds, in game
<2022-05-16 19:35:28.007>: [Info] (AZCore): [GameConnection] Update state WaitingForPlayerSpawn to new state InGame
<2022-05-16 19:35:28.007>: [Info] (AZCore): [Game] JavelinGame::OnConnectionSucceed
<2022-05-16 19:35:35.067>: [Info]: SerializeOptions: Success
<2022-05-16 19:35:35.067>: [Info]: SerializeOptions: Moving to C:/Users/cedric/AppData/Roaming/AGS/New World/savedata/temp_usersettings.javsave
<2022-05-16 19:44:35.659>: [Info]: SerializeOptions: Success
<2022-05-16 19:44:35.659>: [Info]: SerializeOptions: Moving to C:/Users/cedric/AppData/Roaming/AGS/New World/savedata/temp_usersettings.javsave
<2022-05-16 19:48:56.279>: [Info] (AZCore): [GameMessagePort] MayHandleReplicationUnreliable() returning false clientContextInstanceId  2 m_clientContextInstanceId 2 seq 48696 m_lastUnreliableReplicationSeq 48697
<2022-05-16 19:50:48.425>: [Info]: SerializeOptions: Success
<2022-05-16 19:50:48.425>: [Info]: SerializeOptions: Moving to C:/Users/cedric/AppData/Roaming/AGS/New World/savedata/temp_usersettings.javsave
<2022-05-16 19:54:07.594>: [Info] (AZCore): [GameMessagePort] MayHandleReplicationUnreliable() returning false clientContextInstanceId  2 m_clientContextInstanceId 2 seq 67508 m_lastUnreliableReplicationSeq 67512
<2022-05-16 19:54:07.594>: [Info] (AZCore): [GameMessagePort] MayHandleReplicationUnreliable() returning false clientContextInstanceId  2 m_clientContextInstanceId 2 seq 67509 m_lastUnreliableReplicationSeq 67512
<2022-05-16 19:54:07.594>: [Info] (AZCore): [GameMessagePort] MayHandleReplicationUnreliable() returning false clientContextInstanceId  2 m_clientContextInstanceId 2 seq 67510 m_lastUnreliableReplicationSeq 67512
<2022-05-16 19:54:07.594>: [Info] (AZCore): [GameMessagePort] MayHandleReplicationUnreliable() returning false clientContextInstanceId  2 m_clientContextInstanceId 2 seq 67511 m_lastUnreliableReplicationSeq 67512
<2022-05-16 19:54:29.257>: [Info] (AZCore): [GameMessagePort] MayHandleReplicationUnreliable() returning false clientContextInstanceId  2 m_clientContextInstanceId 2 seq 68811 m_lastUnreliableReplicationSeq 68814
<2022-05-16 19:54:29.257>: [Info] (AZCore): [GameMessagePort] MayHandleReplicationUnreliable() returning false clientContextInstanceId  2 m_clientContextInstanceId 2 seq 68812 m_lastUnreliableReplicationSeq 68814
<2022-05-16 19:54:29.257>: [Info] (AZCore): [GameMessagePort] MayHandleReplicationUnreliable() returning false clientContextInstanceId  2 m_clientContextInstanceId 2 seq 68813 m_lastUnreliableReplicationSeq 68814
<2022-05-16 19:57:56.052>: [Info]: SerializeOptions: Success
<2022-05-16 19:57:56.052>: [Info]: SerializeOptions: Moving to C:/Users/cedric/AppData/Roaming/AGS/New World/savedata/temp_usersettings.javsave
<2022-05-16 20:00:00.749>: [Info]: SerializeOptions: Success
<2022-05-16 20:00:00.749>: [Info]: SerializeOptions: Moving to C:/Users/cedric/AppData/Roaming/AGS/New World/savedata/temp_usersettings.javsave
<2022-05-16 20:00:01.388>: [Info] (AZCore): [GameConnection] Update state InGame to new state WaitingForAOIClient
<2022-05-16 20:00:01.388>: [Info] (AZCore): [GameMessagePort] LevelInfoChanged m_clientContextInstanceId 2 changing to levelInfo.m_clientContextInstanceId 3
<2022-05-16 20:00:01.388>: [Info] (AZCore): [GameConnection] GameConnectionWrapper: AOI client available
<2022-05-16 20:00:01.388>: [Info] (AZCore): [GameConnection] Update state WaitingForAOIClient to new state WaitingForPlayerSpawn
<2022-05-16 20:00:01.596>: [Info] (AZCore): [GameMessagePort] Calling clientContext->Initialize
<2022-05-16 20:00:01.596>: [Info] (AZCore): [ClientContext] Initialize()
<2022-05-16 20:00:01.596>: [Info] (AZCore): [ClientContext] Cleanup()
<2022-05-16 20:00:01.596>: [Info] (AZCore): [GDERenderManager] Releasing resources!
<2022-05-16 20:00:01.609>: [Info] (AZCore): [streamingGDEManager] Shutting down and releasing regions
<2022-05-16 20:00:01.612>: [Info] (AZCore): [streamingGDEManager] Shutting down and releasing regions
<2022-05-16 20:00:04.194>: [Info] (AZCore): [streamingGDEManager] Initialize()
<2022-05-16 20:00:04.194>: [Info] (AZCore): [AsyncMapUnload] Loading of map "NewWorld_VitaeEterna" deferred in order to async unload previous level "NW_Dungeon_ShatterMtn_00": starting async unload...
<2022-05-16 20:00:04.196>: [Info] (AZCore): [AsyncMapUnload] Lumberyard Connection State: "WaitingForPlayerSpawn"
<2022-05-16 20:00:04.196>: [Info] (AZCore): [AsyncMapUnload] waiting... numJobs 0, AssetBus::context.m_queue.size(): 921, waitingRefs (from bus): 0
<2022-05-16 20:00:04.196>: [Info] (AZCore): [GameMessagePort] HandleUnexpectedMessage skipping ReceiveStateBundle for bundle message due to clientContext == nullptr
<2022-05-16 20:00:05.242>: [Info] (AZCore): [AsyncMapUnload] DONE waiting... numJobs 0, AssetBus::context.m_queue.size(): 0, waitingRefs (from bus): 0
<2022-05-16 20:00:05.242>: [Info] (AZCore): [AsyncMapUnload] ...allowing map change
<2022-05-16 20:00:05.242>: [Info]: ============================ Loading level NewWorld_VitaeEterna ============================
<2022-05-16 20:00:08.427>: [Info]: CGame::InitCoatlicueTerrain
<2022-05-16 20:00:08.431>: [Info] (AZCore): [GameMessagePort] ProcessPendingReliableMsgQueue processing 3 messages from m_pendingUnexpectedMsgs
<2022-05-16 20:00:08.757>: [Info] (AZCore): [GDERenderManager] Init()
<2022-05-16 20:00:11.991>: [Info] (AZCore): [GameConnection] GameConnectionWrapper: player spawn succeeds, in game
<2022-05-16 20:00:11.991>: [Info] (AZCore): [GameConnection] Update state WaitingForPlayerSpawn to new state InGame
<2022-05-16 20:00:11.991>: [Info] (AZCore): [Game] JavelinGame::OnConnectionSucceed
<2022-05-16 20:09:35.101>: [Info]: SerializeOptions: Success
<2022-05-16 20:09:35.101>: [Info]: SerializeOptions: Moving to C:/Users/cedric/AppData/Roaming/AGS/New World/savedata/temp_usersettings.javsave
<2022-05-16 20:09:42.980>: [Info] (AZCore): [GameMessagePort] MayHandleReplicationUnreliable() returning false clientContextInstanceId  3 m_clientContextInstanceId 3 seq 34363 m_lastUnreliableReplicationSeq 34365
<2022-05-16 20:09:42.980>: [Info] (AZCore): [GameMessagePort] MayHandleReplicationUnreliable() returning false clientContextInstanceId  3 m_clientContextInstanceId 3 seq 34364 m_lastUnreliableReplicationSeq 34365
<2022-05-16 20:10:41.558>: [Info] (AZCore): [GameMessagePort] MayHandleReplicationUnreliable() returning false clientContextInstanceId  3 m_clientContextInstanceId 3 seq 37891 m_lastUnreliableReplicationSeq 37892
<2022-05-16 20:14:03.393>: [Info] (AZCore): [GameMessagePort] MayHandleReplicationUnreliable() returning false clientContextInstanceId  3 m_clientContextInstanceId 3 seq 50018 m_lastUnreliableReplicationSeq 50019
<2022-05-16 20:14:23.261>: [Info] (AZCore): [GameMessagePort] MayHandleReplicationUnreliable() returning false clientContextInstanceId  3 m_clientContextInstanceId 3 seq 51215 m_lastUnreliableReplicationSeq 51216
<2022-05-16 20:16:39.806>: [Info]: SerializeOptions: Success
<2022-05-16 20:16:39.806>: [Info]: SerializeOptions: Moving to C:/Users/cedric/AppData/Roaming/AGS/New World/savedata/temp_usersettings.javsave
<2022-05-16 20:16:47.361>: [Info]: SerializeOptions: Success
<2022-05-16 20:16:47.361>: [Info]: SerializeOptions: Moving to C:/Users/cedric/AppData/Roaming/AGS/New World/savedata/temp_usersettings.javsave
<2022-05-16 20:19:56.500>: [Info]: SerializeOptions: Success
<2022-05-16 20:19:56.500>: [Info]: SerializeOptions: Moving to C:/Users/cedric/AppData/Roaming/AGS/New World/savedata/temp_usersettings.javsave
<2022-05-16 20:20:48.015>: [Info] (AZCore): [SteamAuth] Attempting to refresh AWS credentials
<2022-05-16 20:20:48.015>: [Info] (AZCore): [SteamAuth] Calling Http API: https://d1w0bfy6smo4d1.cloudfront.net/prod/credentials
<2022-05-16 20:20:48.321>: [Info] (AZCore): [AuthStackCredentialsProvider] Successfully refreshed gateway AWS credentials, next attempt will start after 2022-05-16T21:15:47Z
<2022-05-16 20:20:48.321>: [Info] (AZCore): [AuthStackCredentialsProvider] Successfully refreshed persona AWS credentials, next attempt will start after 2022-05-16T21:15:47Z
<2022-05-16 20:20:48.336>: [Info] (AZCore): [SteamAuth] Successfully updated AWS credentials.
<2022-05-16 20:21:27.934>: [Info] (AZCore): [GameMessagePort] MayHandleReplicationUnreliable() returning false clientContextInstanceId  3 m_clientContextInstanceId 3 seq 76765 m_lastUnreliableReplicationSeq 76766
<2022-05-16 20:33:41.546>: [Info]: SerializeOptions: Success
<2022-05-16 20:33:41.546>: [Info]: SerializeOptions: Moving to C:/Users/cedric/AppData/Roaming/AGS/New World/savedata/temp_usersettings.javsave
<2022-05-16 20:38:20.124>: [Info]: SerializeOptions: Success
<2022-05-16 20:38:20.124>: [Info]: SerializeOptions: Moving to C:/Users/cedric/AppData/Roaming/AGS/New World/savedata/temp_usersettings.javsave
<2022-05-16 20:38:27.626>: [Info]: SerializeOptions: Success
<2022-05-16 20:38:27.626>: [Info]: SerializeOptions: Moving to C:/Users/cedric/AppData/Roaming/AGS/New World/savedata/temp_usersettings.javsave
<2022-05-16 20:43:16.845>: [Info] (AZCore): [GameMessagePort] MayHandleReplicationUnreliable() returning false clientContextInstanceId  3 m_clientContextInstanceId 3 seq 155494 m_lastUnreliableReplicationSeq 155495
<2022-05-16 20:50:17.073>: [Info] (AZCore): [GameMessagePort] MayHandleReplicationUnreliable() returning false clientContextInstanceId  3 m_clientContextInstanceId 3 seq 181209 m_lastUnreliableReplicationSeq 181210
<2022-05-16 20:55:32.884>: [Info]: SerializeOptions: Success
<2022-05-16 20:55:32.884>: [Info]: SerializeOptions: Moving to C:/Users/cedric/AppData/Roaming/AGS/New World/savedata/temp_usersettings.javsave
<2022-05-16 20:59:02.482>: [Info] (AZCore): [GameMessagePort] MayHandleReplicationUnreliable() returning false clientContextInstanceId  3 m_clientContextInstanceId 3 seq 216316 m_lastUnreliableReplicationSeq 216317
<2022-05-16 20:59:28.670>: [Info]: SerializeOptions: Success
<2022-05-16 20:59:28.670>: [Info]: SerializeOptions: Moving to C:/Users/cedric/AppData/Roaming/AGS/New World/savedata/temp_usersettings.javsave
<2022-05-16 21:01:18.458>: [Info]: SerializeOptions: Success
<2022-05-16 21:01:18.458>: [Info]: SerializeOptions: Moving to C:/Users/cedric/AppData/Roaming/AGS/New World/savedata/temp_usersettings.javsave
<2022-05-16 21:03:14.442>: [Info] (AZCore): [GameMessagePort] MayHandleReplicationUnreliable() returning false clientContextInstanceId  3 m_clientContextInstanceId 3 seq 234861 m_lastUnreliableReplicationSeq 234862
<2022-05-16 21:04:09.712>: [Info]: SerializeOptions: Success
<2022-05-16 21:04:09.712>: [Info]: SerializeOptions: Moving to C:/Users/cedric/AppData/Roaming/AGS/New World/savedata/temp_usersettings.javsave
<2022-05-16 21:05:30.896>: [Info]: SerializeOptions: Success
<2022-05-16 21:05:30.896>: [Info]: SerializeOptions: Moving to C:/Users/cedric/AppData/Roaming/AGS/New World/savedata/temp_usersettings.javsave
<2022-05-16 21:14:44.644>: [Info] (AZCore): [GameMessagePort] MayHandleReplicationUnreliable() returning false clientContextInstanceId  3 m_clientContextInstanceId 3 seq 278579 m_lastUnreliableReplicationSeq 278580
<2022-05-16 21:15:47.006>: [Info] (AZCore): [SteamAuth] Attempting to refresh AWS credentials
<2022-05-16 21:15:47.006>: [Info] (AZCore): [SteamAuth] Calling Http API: https://d1w0bfy6smo4d1.cloudfront.net/prod/credentials
<2022-05-16 21:15:47.327>: [Info] (AZCore): [AuthStackCredentialsProvider] Successfully refreshed gateway AWS credentials, next attempt will start after 2022-05-16T22:10:46Z
<2022-05-16 21:15:47.327>: [Info] (AZCore): [AuthStackCredentialsProvider] Successfully refreshed persona AWS credentials, next attempt will start after 2022-05-16T22:10:46Z
<2022-05-16 21:15:47.343>: [Info] (AZCore): [SteamAuth] Successfully updated AWS credentials.
<2022-05-16 21:46:26.178>: [Info] (AZCore): [SteamAuth] EndSessionJob: Calling Persona to end session
<2022-05-16 21:46:26.699>: [Info] (AZCore): [SteamAuth] Persona EndSession called successfully
<2022-05-16 21:46:26.699>: [Info] (AZCore): [Game] CGame::ActorContainerDisconnect
<2022-05-16 21:46:26.699>: [Info] (AZCore): [GameConnection] GameConnectionWrapper::Disconnect
<2022-05-16 21:46:26.699>: [Info] (AZCore): [Game] CGame::OnDisconnection: Disconnected from REP
<2022-05-16 21:46:26.713>: [Info] (AZCore): [GameConnection] GameConnectionWrapper: disconnected from REP
<2022-05-16 21:46:26.726>: [Info]: [ERROR] ClientSDK: @mm_csdkerr_disconnect
<2022-05-16 21:46:27.844>: [Info] (AZCore): [GameConnection] Update state InGame to new state Disconnected
<2022-05-16 21:46:27.844>: [Info]: CSystem::Quit invoked from thread 8416 (main is 8416)
<2022-05-16 21:46:27.844>: [Info] (AZCore): [Game] CGame::ActorContainerDisconnect
